#-----------------------------------------------------------
# Vivado v2018.2.2 (64-bit)
# SW Build 2348494 on Mon Oct  1 18:25:39 MDT 2018
# IP Build 2318053 on Mon Oct  1 21:44:26 MDT 2018
# Start of session at: Fri Nov 30 13:29:42 2018
# Process ID: 2518
# Current directory: /home/saba/Documents/workstation4_image_processing
# Command line: vivado
# Log file: /home/saba/Documents/workstation4_image_processing/vivado.log
# Journal file: /home/saba/Documents/workstation4_image_processing/vivado.jou
#-----------------------------------------------------------
start_gui
create_project project_1 /home/saba/Documents/workstation4_image_processing/project_1 -part xc7z020clg484-1
INFO: [IP_Flow 19-234] Refreshing IP repositories
INFO: [IP_Flow 19-1704] No user IP repositories specified
INFO: [IP_Flow 19-2313] Loaded Vivado IP repository '/opt/Xilinx/Vivado/2018.2/data/ip'.
create_project: Time (s): cpu = 00:00:11 ; elapsed = 00:00:07 . Memory (MB): peak = 6141.617 ; gain = 74.008 ; free physical = 8470 ; free virtual = 11975
set_property board_part em.avnet.com:zed:part0:1.4 [current_project]
set_property target_language VHDL [current_project]
add_files -norecurse -scan_for_includes {/home/saba/Downloads/FN0FBA2ILV7T649.vhd /home/saba/Downloads/FZTEBUMILV7T646.vhd /home/saba/Downloads/FQTSFQ5ILV7T63Z.vhd /home/saba/Downloads/FLW9TWWILV7T64G.vhd /home/saba/Downloads/F6SJNRTILV7T642.vhd /home/saba/Downloads/FNTSDZZILV7T645.vhd /home/saba/Downloads/F5IR32HILV7T64J.vhd /home/saba/Downloads/F0UU05JILV7T644.vhd}
import_files -norecurse {/home/saba/Downloads/FN0FBA2ILV7T649.vhd /home/saba/Downloads/FZTEBUMILV7T646.vhd /home/saba/Downloads/FQTSFQ5ILV7T63Z.vhd /home/saba/Downloads/FLW9TWWILV7T64G.vhd /home/saba/Downloads/F6SJNRTILV7T642.vhd /home/saba/Downloads/FNTSDZZILV7T645.vhd /home/saba/Downloads/F5IR32HILV7T64J.vhd /home/saba/Downloads/F0UU05JILV7T644.vhd}
update_compile_order -fileset sources_1
add_files -fileset constrs_1 -norecurse /home/saba/Downloads/F5QMAYQILV7T6TF.xdc
import_files -fileset constrs_1 /home/saba/Downloads/F5QMAYQILV7T6TF.xdc
INFO: [Device 21-403] Loading part xc7z020clg484-1
WARNING: [IP_Flow 19-4067] Ignoring invalid widget type specified checkbox.Providing a default widget
WARNING: [IP_Flow 19-4067] Ignoring invalid widget type specified checkbox.Providing a default widget
create_ip -name blk_mem_gen -vendor xilinx.com -library ip -version 8.4 -module_name design_1_blk_mem_gen_0_0
set_property -dict [list CONFIG.Component_Name {design_1_blk_mem_gen_0_0} CONFIG.Memory_Type {Simple_Dual_Port_RAM} CONFIG.Write_Width_A {12} CONFIG.Write_Depth_A {307200} CONFIG.Read_Width_A {12} CONFIG.Operating_Mode_A {NO_CHANGE} CONFIG.Enable_A {Always_Enabled} CONFIG.Write_Width_B {12} CONFIG.Read_Width_B {12} CONFIG.Enable_B {Always_Enabled} CONFIG.Register_PortA_Output_of_Memory_Primitives {false} CONFIG.Register_PortB_Output_of_Memory_Primitives {true} CONFIG.Port_B_Clock {100} CONFIG.Port_B_Enable_Rate {100}] [get_ips design_1_blk_mem_gen_0_0]
WARNING: [Vivado 12-3523] Attempt to change 'Component_Name' from 'design_1_blk_mem_gen_0_0' to 'design_1_blk_mem_gen_0_0' is not allowed and is ignored.
generate_target {instantiation_template} [get_files /home/saba/Documents/workstation4_image_processing/project_1/project_1.srcs/sources_1/ip/design_1_blk_mem_gen_0_0/design_1_blk_mem_gen_0_0.xci]
INFO: [IP_Flow 19-1686] Generating 'Instantiation Template' target for IP 'design_1_blk_mem_gen_0_0'...
update_compile_order -fileset sources_1
generate_target all [get_files  /home/saba/Documents/workstation4_image_processing/project_1/project_1.srcs/sources_1/ip/design_1_blk_mem_gen_0_0/design_1_blk_mem_gen_0_0.xci]
INFO: [IP_Flow 19-1686] Generating 'Synthesis' target for IP 'design_1_blk_mem_gen_0_0'...
INFO: [IP_Flow 19-1686] Generating 'Simulation' target for IP 'design_1_blk_mem_gen_0_0'...
INFO: [IP_Flow 19-1686] Generating 'Miscellaneous' target for IP 'design_1_blk_mem_gen_0_0'...
INFO: [IP_Flow 19-1686] Generating 'Change Log' target for IP 'design_1_blk_mem_gen_0_0'...
catch { config_ip_cache -export [get_ips -all design_1_blk_mem_gen_0_0] }
export_ip_user_files -of_objects [get_files /home/saba/Documents/workstation4_image_processing/project_1/project_1.srcs/sources_1/ip/design_1_blk_mem_gen_0_0/design_1_blk_mem_gen_0_0.xci] -no_script -sync -force -quiet
create_ip_run [get_files -of_objects [get_fileset sources_1] /home/saba/Documents/workstation4_image_processing/project_1/project_1.srcs/sources_1/ip/design_1_blk_mem_gen_0_0/design_1_blk_mem_gen_0_0.xci]
launch_runs -jobs 4 design_1_blk_mem_gen_0_0_synth_1
[Fri Nov 30 13:43:56 2018] Launched design_1_blk_mem_gen_0_0_synth_1...
Run output will be captured here: /home/saba/Documents/workstation4_image_processing/project_1/project_1.runs/design_1_blk_mem_gen_0_0_synth_1/runme.log
export_simulation -of_objects [get_files /home/saba/Documents/workstation4_image_processing/project_1/project_1.srcs/sources_1/ip/design_1_blk_mem_gen_0_0/design_1_blk_mem_gen_0_0.xci] -directory /home/saba/Documents/workstation4_image_processing/project_1/project_1.ip_user_files/sim_scripts -ip_user_files_dir /home/saba/Documents/workstation4_image_processing/project_1/project_1.ip_user_files -ipstatic_source_dir /home/saba/Documents/workstation4_image_processing/project_1/project_1.ip_user_files/ipstatic -lib_map_path [list {modelsim=/home/saba/Documents/workstation4_image_processing/project_1/project_1.cache/compile_simlib/modelsim} {questa=/home/saba/Documents/workstation4_image_processing/project_1/project_1.cache/compile_simlib/questa} {ies=/home/saba/Documents/workstation4_image_processing/project_1/project_1.cache/compile_simlib/ies} {xcelium=/home/saba/Documents/workstation4_image_processing/project_1/project_1.cache/compile_simlib/xcelium} {vcs=/home/saba/Documents/workstation4_image_processing/project_1/project_1.cache/compile_simlib/vcs} {riviera=/home/saba/Documents/workstation4_image_processing/project_1/project_1.cache/compile_simlib/riviera}] -use_ip_compiled_libs -force -quiet
WARNING: [IP_Flow 19-4067] Ignoring invalid widget type specified checkbox.Providing a default widget
WARNING: [IP_Flow 19-4067] Ignoring invalid widget type specified checkbox.Providing a default widget
export_ip_user_files -of_objects  [get_files /home/saba/Documents/workstation4_image_processing/project_1/project_1.srcs/sources_1/ip/design_1_blk_mem_gen_0_0/design_1_blk_mem_gen_0_0.xci] -no_script -reset -force -quiet
remove_files  -fileset design_1_blk_mem_gen_0_0 /home/saba/Documents/workstation4_image_processing/project_1/project_1.srcs/sources_1/ip/design_1_blk_mem_gen_0_0/design_1_blk_mem_gen_0_0.xci
INFO: [Project 1-386] Moving file '/home/saba/Documents/workstation4_image_processing/project_1/project_1.srcs/sources_1/ip/design_1_blk_mem_gen_0_0/design_1_blk_mem_gen_0_0.xci' from fileset 'design_1_blk_mem_gen_0_0' to fileset 'sources_1'.
file delete -force /home/saba/Documents/workstation4_image_processing/project_1/project_1.srcs/sources_1/ip/design_1_blk_mem_gen_0_0
WARNING: [IP_Flow 19-4067] Ignoring invalid widget type specified checkbox.Providing a default widget
WARNING: [IP_Flow 19-4067] Ignoring invalid widget type specified checkbox.Providing a default widget
create_ip -name blk_mem_gen -vendor xilinx.com -library ip -version 8.4 -module_name blk_mem_gen_0
set_property -dict [list CONFIG.Memory_Type {True_Dual_Port_RAM} CONFIG.Write_Width_A {12} CONFIG.Write_Depth_A {307200} CONFIG.Read_Width_A {12} CONFIG.Operating_Mode_A {NO_CHANGE} CONFIG.Enable_A {Always_Enabled} CONFIG.Write_Width_B {12} CONFIG.Read_Width_B {12} CONFIG.Operating_Mode_B {WRITE_FIRST} CONFIG.Enable_B {Always_Enabled} CONFIG.Register_PortA_Output_of_Memory_Primitives {false} CONFIG.Register_PortB_Output_of_Memory_Primitives {true} CONFIG.Port_B_Clock {100} CONFIG.Port_B_Write_Rate {50} CONFIG.Port_B_Enable_Rate {100}] [get_ips blk_mem_gen_0]
generate_target {instantiation_template} [get_files /home/saba/Documents/workstation4_image_processing/project_1/project_1.srcs/sources_1/ip/blk_mem_gen_0/blk_mem_gen_0.xci]
INFO: [IP_Flow 19-1686] Generating 'Instantiation Template' target for IP 'blk_mem_gen_0'...
update_compile_order -fileset sources_1
generate_target all [get_files  /home/saba/Documents/workstation4_image_processing/project_1/project_1.srcs/sources_1/ip/blk_mem_gen_0/blk_mem_gen_0.xci]
INFO: [IP_Flow 19-1686] Generating 'Synthesis' target for IP 'blk_mem_gen_0'...
INFO: [IP_Flow 19-1686] Generating 'Simulation' target for IP 'blk_mem_gen_0'...
INFO: [IP_Flow 19-1686] Generating 'Miscellaneous' target for IP 'blk_mem_gen_0'...
INFO: [IP_Flow 19-1686] Generating 'Change Log' target for IP 'blk_mem_gen_0'...
catch { config_ip_cache -export [get_ips -all blk_mem_gen_0] }
export_ip_user_files -of_objects [get_files /home/saba/Documents/workstation4_image_processing/project_1/project_1.srcs/sources_1/ip/blk_mem_gen_0/blk_mem_gen_0.xci] -no_script -sync -force -quiet
create_ip_run [get_files -of_objects [get_fileset sources_1] /home/saba/Documents/workstation4_image_processing/project_1/project_1.srcs/sources_1/ip/blk_mem_gen_0/blk_mem_gen_0.xci]
launch_runs -jobs 4 blk_mem_gen_0_synth_1
[Fri Nov 30 13:54:47 2018] Launched blk_mem_gen_0_synth_1...
Run output will be captured here: /home/saba/Documents/workstation4_image_processing/project_1/project_1.runs/blk_mem_gen_0_synth_1/runme.log
export_simulation -of_objects [get_files /home/saba/Documents/workstation4_image_processing/project_1/project_1.srcs/sources_1/ip/blk_mem_gen_0/blk_mem_gen_0.xci] -directory /home/saba/Documents/workstation4_image_processing/project_1/project_1.ip_user_files/sim_scripts -ip_user_files_dir /home/saba/Documents/workstation4_image_processing/project_1/project_1.ip_user_files -ipstatic_source_dir /home/saba/Documents/workstation4_image_processing/project_1/project_1.ip_user_files/ipstatic -lib_map_path [list {modelsim=/home/saba/Documents/workstation4_image_processing/project_1/project_1.cache/compile_simlib/modelsim} {questa=/home/saba/Documents/workstation4_image_processing/project_1/project_1.cache/compile_simlib/questa} {ies=/home/saba/Documents/workstation4_image_processing/project_1/project_1.cache/compile_simlib/ies} {xcelium=/home/saba/Documents/workstation4_image_processing/project_1/project_1.cache/compile_simlib/xcelium} {vcs=/home/saba/Documents/workstation4_image_processing/project_1/project_1.cache/compile_simlib/vcs} {riviera=/home/saba/Documents/workstation4_image_processing/project_1/project_1.cache/compile_simlib/riviera}] -use_ip_compiled_libs -force -quiet
launch_runs impl_1 -to_step write_bitstream -jobs 4
[Fri Nov 30 14:10:44 2018] Launched synth_1...
Run output will be captured here: /home/saba/Documents/workstation4_image_processing/project_1/project_1.runs/synth_1/runme.log
[Fri Nov 30 14:10:44 2018] Launched impl_1...
Run output will be captured here: /home/saba/Documents/workstation4_image_processing/project_1/project_1.runs/impl_1/runme.log
WARNING: [IP_Flow 19-4067] Ignoring invalid widget type specified checkbox.Providing a default widget
WARNING: [IP_Flow 19-4067] Ignoring invalid widget type specified checkbox.Providing a default widget
set_property -dict [list CONFIG.Memory_Type {Simple_Dual_Port_RAM} CONFIG.Operating_Mode_B {WRITE_FIRST} CONFIG.Enable_B {Always_Enabled} CONFIG.Port_B_Write_Rate {0}] [get_ips blk_mem_gen_0]
generate_target all [get_files  /home/saba/Documents/workstation4_image_processing/project_1/project_1.srcs/sources_1/ip/blk_mem_gen_0/blk_mem_gen_0.xci]
INFO: [IP_Flow 19-1686] Generating 'Instantiation Template' target for IP 'blk_mem_gen_0'...
INFO: [IP_Flow 19-1686] Generating 'Synthesis' target for IP 'blk_mem_gen_0'...
INFO: [IP_Flow 19-1686] Generating 'Simulation' target for IP 'blk_mem_gen_0'...
INFO: [IP_Flow 19-1686] Generating 'Miscellaneous' target for IP 'blk_mem_gen_0'...
INFO: [IP_Flow 19-1686] Generating 'Change Log' target for IP 'blk_mem_gen_0'...
catch { config_ip_cache -export [get_ips -all blk_mem_gen_0] }
export_ip_user_files -of_objects [get_files /home/saba/Documents/workstation4_image_processing/project_1/project_1.srcs/sources_1/ip/blk_mem_gen_0/blk_mem_gen_0.xci] -no_script -sync -force -quiet
reset_run blk_mem_gen_0_synth_1
launch_runs -jobs 4 blk_mem_gen_0_synth_1
[Fri Nov 30 14:53:45 2018] Launched blk_mem_gen_0_synth_1...
Run output will be captured here: /home/saba/Documents/workstation4_image_processing/project_1/project_1.runs/blk_mem_gen_0_synth_1/runme.log
export_simulation -of_objects [get_files /home/saba/Documents/workstation4_image_processing/project_1/project_1.srcs/sources_1/ip/blk_mem_gen_0/blk_mem_gen_0.xci] -directory /home/saba/Documents/workstation4_image_processing/project_1/project_1.ip_user_files/sim_scripts -ip_user_files_dir /home/saba/Documents/workstation4_image_processing/project_1/project_1.ip_user_files -ipstatic_source_dir /home/saba/Documents/workstation4_image_processing/project_1/project_1.ip_user_files/ipstatic -lib_map_path [list {modelsim=/home/saba/Documents/workstation4_image_processing/project_1/project_1.cache/compile_simlib/modelsim} {questa=/home/saba/Documents/workstation4_image_processing/project_1/project_1.cache/compile_simlib/questa} {ies=/home/saba/Documents/workstation4_image_processing/project_1/project_1.cache/compile_simlib/ies} {xcelium=/home/saba/Documents/workstation4_image_processing/project_1/project_1.cache/compile_simlib/xcelium} {vcs=/home/saba/Documents/workstation4_image_processing/project_1/project_1.cache/compile_simlib/vcs} {riviera=/home/saba/Documents/workstation4_image_processing/project_1/project_1.cache/compile_simlib/riviera}] -use_ip_compiled_libs -force -quiet
set_property needs_refresh false [get_runs synth_1]
set_property needs_refresh false [get_runs impl_1]
set_property needs_refresh false [get_runs blk_mem_gen_0_synth_1]
WARNING: [IP_Flow 19-4067] Ignoring invalid widget type specified checkbox.Providing a default widget
WARNING: [IP_Flow 19-4067] Ignoring invalid widget type specified checkbox.Providing a default widget
set_property needs_refresh false [get_runs synth_1]
set_property needs_refresh false [get_runs impl_1]
set_property needs_refresh false [get_runs blk_mem_gen_0_synth_1]
reset_run synth_1
launch_runs synth_1 -jobs 4
[Fri Nov 30 15:04:32 2018] Launched synth_1...
Run output will be captured here: /home/saba/Documents/workstation4_image_processing/project_1/project_1.runs/synth_1/runme.log
launch_runs impl_1 -jobs 4
[Fri Nov 30 15:06:00 2018] Launched impl_1...
Run output will be captured here: /home/saba/Documents/workstation4_image_processing/project_1/project_1.runs/impl_1/runme.log
launch_runs impl_1 -to_step write_bitstream -jobs 4
[Fri Nov 30 15:10:33 2018] Launched impl_1...
Run output will be captured here: /home/saba/Documents/workstation4_image_processing/project_1/project_1.runs/impl_1/runme.log
open_hw
connect_hw_server
INFO: [Labtools 27-2285] Connecting to hw_server url TCP:localhost:3121
INFO: [Labtools 27-2222] Launching hw_server...
INFO: [Labtools 27-2221] Launch Output:

****** Xilinx hw_server v2018.2.2
  **** Build date : Oct  1 2018-18:41:02
    ** Copyright 1986-2018 Xilinx, Inc. All Rights Reserved.


disconnect_hw_server localhost:3121
connect_hw_server
INFO: [Labtools 27-2285] Connecting to hw_server url TCP:localhost:3121
disconnect_hw_server localhost:3121
connect_hw_server
INFO: [Labtools 27-2285] Connecting to hw_server url TCP:localhost:3121
open_hw_target
INFO: [Labtoolstcl 44-466] Opening hw_target localhost:3121/xilinx_tcf/Digilent/210248774280
set_property PROGRAM.FILE {/home/saba/Documents/workstation4_image_processing/project_1/project_1.runs/impl_1/ov7670_top.bit} [get_hw_devices xc7z020_1]
current_hw_device [get_hw_devices xc7z020_1]
refresh_hw_device -update_hw_probes false [lindex [get_hw_devices xc7z020_1] 0]
INFO: [Labtools 27-1435] Device xc7z020 (JTAG device index = 1) is not programmed (DONE status = 0).
set_property PROBES.FILE {} [get_hw_devices xc7z020_1]
set_property FULL_PROBES.FILE {} [get_hw_devices xc7z020_1]
set_property PROGRAM.FILE {/home/saba/Documents/workstation4_image_processing/project_1/project_1.runs/impl_1/ov7670_top.bit} [get_hw_devices xc7z020_1]
program_hw_devices [get_hw_devices xc7z020_1]
INFO: [Labtools 27-3164] End of startup status: HIGH
refresh_hw_device [lindex [get_hw_devices xc7z020_1] 0]
INFO: [Labtools 27-1434] Device xc7z020 (JTAG device index = 1) is programmed with a design that has no supported debug core(s) in it.
WARNING: [Labtools 27-3361] The debug hub core was not detected.
Resolution: 
1. Make sure the clock connected to the debug hub (dbg_hub) core is a free running clock and is active.
2. Make sure the BSCAN_SWITCH_USER_MASK device property in Vivado Hardware Manager reflects the user scan chain setting in the design and refresh the device.  To determine the user scan chain setting in the design, open the implemented design and use 'get_property C_USER_SCAN_CHAIN [get_debug_cores dbg_hub]'.
For more details on setting the scan chain property, consult the Vivado Debug and Programming User Guide (UG908).
close_hw
WARNING: [IP_Flow 19-4067] Ignoring invalid widget type specified checkbox.Providing a default widget
WARNING: [IP_Flow 19-4067] Ignoring invalid widget type specified checkbox.Providing a default widget
WARNING: [IP_Flow 19-4067] Ignoring invalid widget type specified checkbox.Providing a default widget
WARNING: [IP_Flow 19-4067] Ignoring invalid widget type specified checkbox.Providing a default widget
reset_run synth_1
launch_runs impl_1 -to_step write_bitstream -jobs 4
[Fri Nov 30 17:16:00 2018] Launched synth_1...
Run output will be captured here: /home/saba/Documents/workstation4_image_processing/project_1/project_1.runs/synth_1/runme.log
[Fri Nov 30 17:16:00 2018] Launched impl_1...
Run output will be captured here: /home/saba/Documents/workstation4_image_processing/project_1/project_1.runs/impl_1/runme.log
open_hw
connect_hw_server
INFO: [Labtools 27-2285] Connecting to hw_server url TCP:localhost:3121
INFO: [Labtools 27-2222] Launching hw_server...
INFO: [Labtools 27-2221] Launch Output:

****** Xilinx hw_server v2018.2.2
  **** Build date : Oct  1 2018-18:41:02
    ** Copyright 1986-2018 Xilinx, Inc. All Rights Reserved.


open_hw_target
INFO: [Labtoolstcl 44-466] Opening hw_target localhost:3121/xilinx_tcf/Digilent/210248774280
set_property PROGRAM.FILE {/home/saba/Documents/workstation4_image_processing/project_1/project_1.runs/impl_1/ov7670_top.bit} [get_hw_devices xc7z020_1]
current_hw_device [get_hw_devices xc7z020_1]
refresh_hw_device -update_hw_probes false [lindex [get_hw_devices xc7z020_1] 0]
INFO: [Labtools 27-1435] Device xc7z020 (JTAG device index = 1) is not programmed (DONE status = 0).
set_property PROBES.FILE {} [get_hw_devices xc7z020_1]
set_property FULL_PROBES.FILE {} [get_hw_devices xc7z020_1]
set_property PROGRAM.FILE {/home/saba/Documents/workstation4_image_processing/project_1/project_1.runs/impl_1/ov7670_top.bit} [get_hw_devices xc7z020_1]
program_hw_devices [get_hw_devices xc7z020_1]
INFO: [Labtools 27-3164] End of startup status: HIGH
refresh_hw_device [lindex [get_hw_devices xc7z020_1] 0]
INFO: [Labtools 27-1434] Device xc7z020 (JTAG device index = 1) is programmed with a design that has no supported debug core(s) in it.
WARNING: [Labtools 27-3361] The debug hub core was not detected.
Resolution: 
1. Make sure the clock connected to the debug hub (dbg_hub) core is a free running clock and is active.
2. Make sure the BSCAN_SWITCH_USER_MASK device property in Vivado Hardware Manager reflects the user scan chain setting in the design and refresh the device.  To determine the user scan chain setting in the design, open the implemented design and use 'get_property C_USER_SCAN_CHAIN [get_debug_cores dbg_hub]'.
For more details on setting the scan chain property, consult the Vivado Debug and Programming User Guide (UG908).
ERROR: [Labtoolstcl 44-513] HW Target shutdown. Closing target: localhost:3121/xilinx_tcf/Digilent/210248774280
close_hw
open_hw
connect_hw_server
INFO: [Labtools 27-2285] Connecting to hw_server url TCP:localhost:3121
INFO: [Labtools 27-2222] Launching hw_server...
INFO: [Labtools 27-2221] Launch Output:

****** Xilinx hw_server v2018.2.2
  **** Build date : Oct  1 2018-18:41:02
    ** Copyright 1986-2018 Xilinx, Inc. All Rights Reserved.


disconnect_hw_server localhost:3121
connect_hw_server
INFO: [Labtools 27-2285] Connecting to hw_server url TCP:localhost:3121
disconnect_hw_server localhost:3121
connect_hw_server
INFO: [Labtools 27-2285] Connecting to hw_server url TCP:localhost:3121
disconnect_hw_server localhost:3121
connect_hw_server
INFO: [Labtools 27-2285] Connecting to hw_server url TCP:localhost:3121
open_hw_target
INFO: [Labtoolstcl 44-466] Opening hw_target localhost:3121/xilinx_tcf/Digilent/210248774280
set_property PROGRAM.FILE {/home/saba/Documents/workstation4_image_processing/project_1/project_1.runs/impl_1/ov7670_top.bit} [get_hw_devices xc7z020_1]
current_hw_device [get_hw_devices xc7z020_1]
refresh_hw_device -update_hw_probes false [lindex [get_hw_devices xc7z020_1] 0]
INFO: [Labtools 27-1435] Device xc7z020 (JTAG device index = 1) is not programmed (DONE status = 0).
set_property PROBES.FILE {} [get_hw_devices xc7z020_1]
set_property FULL_PROBES.FILE {} [get_hw_devices xc7z020_1]
set_property PROGRAM.FILE {/home/saba/Documents/workstation4_image_processing/project_1/project_1.runs/impl_1/ov7670_top.bit} [get_hw_devices xc7z020_1]
program_hw_devices [get_hw_devices xc7z020_1]
INFO: [Labtools 27-3164] End of startup status: HIGH
refresh_hw_device [lindex [get_hw_devices xc7z020_1] 0]
INFO: [Labtools 27-1434] Device xc7z020 (JTAG device index = 1) is programmed with a design that has no supported debug core(s) in it.
WARNING: [Labtools 27-3361] The debug hub core was not detected.
Resolution: 
1. Make sure the clock connected to the debug hub (dbg_hub) core is a free running clock and is active.
2. Make sure the BSCAN_SWITCH_USER_MASK device property in Vivado Hardware Manager reflects the user scan chain setting in the design and refresh the device.  To determine the user scan chain setting in the design, open the implemented design and use 'get_property C_USER_SCAN_CHAIN [get_debug_cores dbg_hub]'.
For more details on setting the scan chain property, consult the Vivado Debug and Programming User Guide (UG908).
WARNING: [Labtoolstcl 44-129] No matching hw_ila_data was found.
ERROR: [Labtoolstcl 44-513] HW Target shutdown. Closing target: localhost:3121/xilinx_tcf/Digilent/210248774280
INFO: [Labtoolstcl 44-466] Opening hw_target localhost:3121/xilinx_tcf/Digilent/210248774280
WARNING: [Labtoolstcl 44-129] No matching hw_ila_data was found.
INFO: [Labtools 27-1435] Device xc7z020 (JTAG device index = 1) is not programmed (DONE status = 0).
WARNING: [Labtoolstcl 44-129] No matching hw_ila_data was found.
set_property PROBES.FILE {} [get_hw_devices xc7z020_1]
set_property FULL_PROBES.FILE {} [get_hw_devices xc7z020_1]
set_property PROGRAM.FILE {/home/saba/Documents/workstation4_image_processing/project_1/project_1.runs/impl_1/ov7670_top.bit} [get_hw_devices xc7z020_1]
program_hw_devices [get_hw_devices xc7z020_1]
INFO: [Labtools 27-3164] End of startup status: HIGH
refresh_hw_device [lindex [get_hw_devices xc7z020_1] 0]
INFO: [Labtools 27-1434] Device xc7z020 (JTAG device index = 1) is programmed with a design that has no supported debug core(s) in it.
WARNING: [Labtools 27-3361] The debug hub core was not detected.
Resolution: 
1. Make sure the clock connected to the debug hub (dbg_hub) core is a free running clock and is active.
2. Make sure the BSCAN_SWITCH_USER_MASK device property in Vivado Hardware Manager reflects the user scan chain setting in the design and refresh the device.  To determine the user scan chain setting in the design, open the implemented design and use 'get_property C_USER_SCAN_CHAIN [get_debug_cores dbg_hub]'.
For more details on setting the scan chain property, consult the Vivado Debug and Programming User Guide (UG908).
ERROR: [Labtoolstcl 44-513] HW Target shutdown. Closing target: localhost:3121/xilinx_tcf/Digilent/210248774280
set_property needs_refresh false [get_runs synth_1]
set_property needs_refresh false [get_runs impl_1]
set_property needs_refresh false [get_runs blk_mem_gen_0_synth_1]
reset_run synth_1
launch_runs synth_1 -jobs 4
[Fri Nov 30 17:48:53 2018] Launched synth_1...
Run output will be captured here: /home/saba/Documents/workstation4_image_processing/project_1/project_1.runs/synth_1/runme.log
launch_runs impl_1 -jobs 4
[Fri Nov 30 17:50:20 2018] Launched impl_1...
Run output will be captured here: /home/saba/Documents/workstation4_image_processing/project_1/project_1.runs/impl_1/runme.log
launch_runs impl_1 -to_step write_bitstream -jobs 4
[Fri Nov 30 17:53:08 2018] Launched impl_1...
Run output will be captured here: /home/saba/Documents/workstation4_image_processing/project_1/project_1.runs/impl_1/runme.log
disconnect_hw_server localhost:3121
connect_hw_server
INFO: [Labtools 27-2285] Connecting to hw_server url TCP:localhost:3121
ERROR: [Labtoolstcl 44-494] There is no active target available for server at localhost.
 Targets(s) ", jsn-Zed-210248774280" may be locked by another hw_server.
disconnect_hw_server localhost:3121
connect_hw_server
INFO: [Labtools 27-2285] Connecting to hw_server url TCP:localhost:3121
open_hw_target
INFO: [Labtoolstcl 44-466] Opening hw_target localhost:3121/xilinx_tcf/Digilent/210248774280
set_property PROGRAM.FILE {/home/saba/Documents/workstation4_image_processing/project_1/project_1.runs/impl_1/ov7670_top.bit} [get_hw_devices xc7z020_1]
current_hw_device [get_hw_devices xc7z020_1]
refresh_hw_device -update_hw_probes false [lindex [get_hw_devices xc7z020_1] 0]
INFO: [Labtools 27-1435] Device xc7z020 (JTAG device index = 1) is not programmed (DONE status = 0).
set_property PROBES.FILE {} [get_hw_devices xc7z020_1]
set_property FULL_PROBES.FILE {} [get_hw_devices xc7z020_1]
set_property PROGRAM.FILE {/home/saba/Documents/workstation4_image_processing/project_1/project_1.runs/impl_1/ov7670_top.bit} [get_hw_devices xc7z020_1]
program_hw_devices [get_hw_devices xc7z020_1]
INFO: [Labtools 27-3164] End of startup status: HIGH
refresh_hw_device [lindex [get_hw_devices xc7z020_1] 0]
INFO: [Labtools 27-1434] Device xc7z020 (JTAG device index = 1) is programmed with a design that has no supported debug core(s) in it.
WARNING: [Labtools 27-3361] The debug hub core was not detected.
Resolution: 
1. Make sure the clock connected to the debug hub (dbg_hub) core is a free running clock and is active.
2. Make sure the BSCAN_SWITCH_USER_MASK device property in Vivado Hardware Manager reflects the user scan chain setting in the design and refresh the device.  To determine the user scan chain setting in the design, open the implemented design and use 'get_property C_USER_SCAN_CHAIN [get_debug_cores dbg_hub]'.
For more details on setting the scan chain property, consult the Vivado Debug and Programming User Guide (UG908).
exit
INFO: [Common 17-206] Exiting Vivado at Fri Nov 30 18:13:37 2018...
