Copyright 1986-2018 Xilinx, Inc. All Rights Reserved.
----------------------------------------------------------------------------------------------------------------------------------------------------------------------
| Tool Version     : Vivado v.2018.2.2 (lin64) Build 2348494 Mon Oct  1 18:25:39 MDT 2018
| Date             : Sat Dec  1 14:43:31 2018
| Host             : saba-VirtualBox running 64-bit Ubuntu 18.04.1 LTS
| Command          : report_power -file main_project_top_power_routed.rpt -pb main_project_top_power_summary_routed.pb -rpx main_project_top_power_routed.rpx
| Design           : main_project_top
| Device           : xc7z020clg484-1
| Design State     : routed
| Grade            : commercial
| Process          : typical
| Characterization : Production
----------------------------------------------------------------------------------------------------------------------------------------------------------------------

Power Report

Table of Contents
-----------------
1. Summary
1.1 On-Chip Components
1.2 Power Supply Summary
1.3 Confidence Level
2. Settings
2.1 Environment
2.2 Clock Constraints
3. Detailed Reports
3.1 By Hierarchy

1. Summary
----------

+--------------------------+--------------+
| Total On-Chip Power (W)  | 0.245        |
| Design Power Budget (W)  | Unspecified* |
| Power Budget Margin (W)  | NA           |
| Dynamic (W)              | 0.132        |
| Device Static (W)        | 0.114        |
| Effective TJA (C/W)      | 11.5         |
| Max Ambient (C)          | 82.2         |
| Junction Temperature (C) | 27.8         |
| Confidence Level         | Low          |
| Setting File             | ---          |
| Simulation Activity File | ---          |
| Design Nets Matched      | NA           |
+--------------------------+--------------+
* Specify Design Power Budget using, set_operating_conditions -design_power_budget <value in Watts>


1.1 On-Chip Components
----------------------

+----------------+-----------+----------+-----------+-----------------+
| On-Chip        | Power (W) | Used     | Available | Utilization (%) |
+----------------+-----------+----------+-----------+-----------------+
| Clocks         |     0.004 |        6 |       --- |             --- |
| Slice Logic    |    <0.001 |     1798 |       --- |             --- |
|   LUT as Logic |    <0.001 |      722 |     53200 |            1.36 |
|   Register     |    <0.001 |      491 |    106400 |            0.46 |
|   CARRY4       |    <0.001 |       26 |     13300 |            0.20 |
|   BUFG         |    <0.001 |        2 |        32 |            6.25 |
|   F7/F8 Muxes  |    <0.001 |      126 |     53200 |            0.24 |
|   Others       |     0.000 |      322 |       --- |             --- |
| Signals        |     0.003 |     1734 |       --- |             --- |
| Block RAM      |     0.010 |      104 |       140 |           74.29 |
| MMCM           |     0.106 |        1 |         4 |           25.00 |
| I/O            |     0.008 |       57 |       200 |           28.50 |
| Static Power   |     0.114 |          |           |                 |
| Total          |     0.245 |          |           |                 |
+----------------+-----------+----------+-----------+-----------------+


1.2 Power Supply Summary
------------------------

+-----------+-------------+-----------+-------------+------------+
| Source    | Voltage (V) | Total (A) | Dynamic (A) | Static (A) |
+-----------+-------------+-----------+-------------+------------+
| Vccint    |       1.000 |     0.027 |       0.017 |      0.010 |
| Vccaux    |       1.800 |     0.069 |       0.059 |      0.011 |
| Vcco33    |       3.300 |     0.003 |       0.002 |      0.001 |
| Vcco25    |       2.500 |     0.000 |       0.000 |      0.000 |
| Vcco18    |       1.800 |     0.000 |       0.000 |      0.000 |
| Vcco15    |       1.500 |     0.000 |       0.000 |      0.000 |
| Vcco135   |       1.350 |     0.000 |       0.000 |      0.000 |
| Vcco12    |       1.200 |     0.000 |       0.000 |      0.000 |
| Vccaux_io |       1.800 |     0.000 |       0.000 |      0.000 |
| Vccbram   |       1.000 |     0.005 |       0.001 |      0.004 |
| MGTAVcc   |       1.000 |     0.000 |       0.000 |      0.000 |
| MGTAVtt   |       1.200 |     0.000 |       0.000 |      0.000 |
| MGTVccaux |       1.800 |     0.000 |       0.000 |      0.000 |
| Vccpint   |       1.000 |     0.017 |       0.000 |      0.017 |
| Vccpaux   |       1.800 |     0.010 |       0.000 |      0.010 |
| Vccpll    |       1.800 |     0.003 |       0.000 |      0.003 |
| Vcco_ddr  |       1.500 |     0.000 |       0.000 |      0.000 |
| Vcco_mio0 |       1.800 |     0.000 |       0.000 |      0.000 |
| Vcco_mio1 |       1.800 |     0.000 |       0.000 |      0.000 |
| Vccadc    |       1.800 |     0.020 |       0.000 |      0.020 |
+-----------+-------------+-----------+-------------+------------+


1.3 Confidence Level
--------------------

+-----------------------------+------------+--------------------------------------------------------+--------------------------------------------------------------------------------------------------------------------+
| User Input Data             | Confidence | Details                                                | Action                                                                                                             |
+-----------------------------+------------+--------------------------------------------------------+--------------------------------------------------------------------------------------------------------------------+
| Design implementation state | High       | Design is routed                                       |                                                                                                                    |
| Clock nodes activity        | Low        | User specified less than 75% of clocks                 | Provide missing clock activity with a constraint file, simulation results or by editing the "By Clock Domain" view |
| I/O nodes activity          | Low        | More than 75% of inputs are missing user specification | Provide missing input activity with simulation results or by editing the "By Resource Type -> I/Os" view           |
| Internal nodes activity     | Medium     | User specified less than 25% of internal nodes         | Provide missing internal nodes activity with simulation results or by editing the "By Resource Type" views         |
| Device models               | High       | Device models are Production                           |                                                                                                                    |
|                             |            |                                                        |                                                                                                                    |
| Overall confidence level    | Low        |                                                        |                                                                                                                    |
+-----------------------------+------------+--------------------------------------------------------+--------------------------------------------------------------------------------------------------------------------+


2. Settings
-----------

2.1 Environment
---------------

+-----------------------+------------------------+
| Ambient Temp (C)      | 25.0                   |
| ThetaJA (C/W)         | 11.5                   |
| Airflow (LFM)         | 250                    |
| Heat Sink             | none                   |
| ThetaSA (C/W)         | 0.0                    |
| Board Selection       | medium (10"x10")       |
| # of Board Layers     | 8to11 (8 to 11 Layers) |
| Board Temperature (C) | 25.0                   |
+-----------------------+------------------------+


2.2 Clock Constraints
---------------------

+--------------------+------------------------------------+-----------------+
| Clock              | Domain                             | Constraint (ns) |
+--------------------+------------------------------------+-----------------+
| GCLK_100           | GCLK_100                           |            10.0 |
| clk_out2_clk_wiz_0 | clock_inst/inst/clk_out2_clk_wiz_0 |            20.0 |
| clk_out3_clk_wiz_0 | clock_inst/inst/clk_out3_clk_wiz_0 |            40.0 |
| clkfbout_clk_wiz_0 | clock_inst/inst/clkfbout_clk_wiz_0 |            10.0 |
+--------------------+------------------------------------+-----------------+


3. Detailed Reports
-------------------

3.1 By Hierarchy
----------------

+------------------------------------------------+-----------+
| Name                                           | Power (W) |
+------------------------------------------------+-----------+
| main_project_top                               |     0.132 |
|   cam1                                         |     0.009 |
|     Inst_vga                                   |    <0.001 |
|     btn_debounce                               |    <0.001 |
|     capture                                    |     0.001 |
|     controller                                 |    <0.001 |
|       Inst_i2c_sender                          |    <0.001 |
|       Inst_ov7670_registers                    |    <0.001 |
|     fb                                         |     0.006 |
|       U0                                       |     0.006 |
|         inst_blk_mem_gen                       |     0.006 |
|           gnbram.gnativebmg.native_blk_mem_gen |     0.006 |
|             valid.cstr                         |     0.006 |
|               has_mux_b.B                      |    <0.001 |
|               ramloop[0].ram.r                 |     0.001 |
|                 prim_noinit.ram                |     0.001 |
|               ramloop[10].ram.r                |    <0.001 |
|                 prim_noinit.ram                |    <0.001 |
|               ramloop[11].ram.r                |    <0.001 |
|                 prim_noinit.ram                |    <0.001 |
|               ramloop[12].ram.r                |    <0.001 |
|                 prim_noinit.ram                |    <0.001 |
|               ramloop[13].ram.r                |    <0.001 |
|                 prim_noinit.ram                |    <0.001 |
|               ramloop[14].ram.r                |    <0.001 |
|                 prim_noinit.ram                |    <0.001 |
|               ramloop[15].ram.r                |    <0.001 |
|                 prim_noinit.ram                |    <0.001 |
|               ramloop[16].ram.r                |    <0.001 |
|                 prim_noinit.ram                |    <0.001 |
|               ramloop[17].ram.r                |    <0.001 |
|                 prim_noinit.ram                |    <0.001 |
|               ramloop[18].ram.r                |    <0.001 |
|                 prim_noinit.ram                |    <0.001 |
|               ramloop[19].ram.r                |    <0.001 |
|                 prim_noinit.ram                |    <0.001 |
|               ramloop[1].ram.r                 |    <0.001 |
|                 prim_noinit.ram                |    <0.001 |
|               ramloop[20].ram.r                |    <0.001 |
|                 prim_noinit.ram                |    <0.001 |
|               ramloop[21].ram.r                |    <0.001 |
|                 prim_noinit.ram                |    <0.001 |
|               ramloop[22].ram.r                |    <0.001 |
|                 prim_noinit.ram                |    <0.001 |
|               ramloop[23].ram.r                |    <0.001 |
|                 prim_noinit.ram                |    <0.001 |
|               ramloop[24].ram.r                |    <0.001 |
|                 prim_noinit.ram                |    <0.001 |
|               ramloop[25].ram.r                |    <0.001 |
|                 prim_noinit.ram                |    <0.001 |
|               ramloop[26].ram.r                |    <0.001 |
|                 prim_noinit.ram                |    <0.001 |
|               ramloop[27].ram.r                |    <0.001 |
|                 prim_noinit.ram                |    <0.001 |
|               ramloop[28].ram.r                |    <0.001 |
|                 prim_noinit.ram                |    <0.001 |
|               ramloop[29].ram.r                |    <0.001 |
|                 prim_noinit.ram                |    <0.001 |
|               ramloop[2].ram.r                 |    <0.001 |
|                 prim_noinit.ram                |    <0.001 |
|               ramloop[30].ram.r                |    <0.001 |
|                 prim_noinit.ram                |    <0.001 |
|               ramloop[31].ram.r                |    <0.001 |
|                 prim_noinit.ram                |    <0.001 |
|               ramloop[32].ram.r                |    <0.001 |
|                 prim_noinit.ram                |    <0.001 |
|               ramloop[33].ram.r                |    <0.001 |
|                 prim_noinit.ram                |    <0.001 |
|               ramloop[34].ram.r                |    <0.001 |
|                 prim_noinit.ram                |    <0.001 |
|               ramloop[35].ram.r                |    <0.001 |
|                 prim_noinit.ram                |    <0.001 |
|               ramloop[36].ram.r                |    <0.001 |
|                 prim_noinit.ram                |    <0.001 |
|               ramloop[37].ram.r                |    <0.001 |
|                 prim_noinit.ram                |    <0.001 |
|               ramloop[38].ram.r                |    <0.001 |
|                 prim_noinit.ram                |    <0.001 |
|               ramloop[39].ram.r                |    <0.001 |
|                 prim_noinit.ram                |    <0.001 |
|               ramloop[3].ram.r                 |    <0.001 |
|                 prim_noinit.ram                |    <0.001 |
|               ramloop[40].ram.r                |    <0.001 |
|                 prim_noinit.ram                |    <0.001 |
|               ramloop[41].ram.r                |    <0.001 |
|                 prim_noinit.ram                |    <0.001 |
|               ramloop[42].ram.r                |    <0.001 |
|                 prim_noinit.ram                |    <0.001 |
|               ramloop[43].ram.r                |    <0.001 |
|                 prim_noinit.ram                |    <0.001 |
|               ramloop[44].ram.r                |    <0.001 |
|                 prim_noinit.ram                |    <0.001 |
|               ramloop[45].ram.r                |     0.001 |
|                 prim_noinit.ram                |     0.001 |
|               ramloop[46].ram.r                |    <0.001 |
|                 prim_noinit.ram                |    <0.001 |
|               ramloop[47].ram.r                |    <0.001 |
|                 prim_noinit.ram                |    <0.001 |
|               ramloop[4].ram.r                 |     0.001 |
|                 prim_noinit.ram                |     0.001 |
|               ramloop[5].ram.r                 |    <0.001 |
|                 prim_noinit.ram                |    <0.001 |
|               ramloop[6].ram.r                 |    <0.001 |
|                 prim_noinit.ram                |    <0.001 |
|               ramloop[7].ram.r                 |    <0.001 |
|                 prim_noinit.ram                |    <0.001 |
|               ramloop[8].ram.r                 |    <0.001 |
|                 prim_noinit.ram                |    <0.001 |
|               ramloop[9].ram.r                 |    <0.001 |
|                 prim_noinit.ram                |    <0.001 |
|   cam2                                         |     0.008 |
|     Inst_vga                                   |    <0.001 |
|     btn_debounce                               |    <0.001 |
|     capture                                    |     0.001 |
|     controller                                 |    <0.001 |
|       Inst_i2c_sender                          |    <0.001 |
|       Inst_ov7670_registers                    |    <0.001 |
|     fb                                         |     0.006 |
|       U0                                       |     0.006 |
|         inst_blk_mem_gen                       |     0.006 |
|           gnbram.gnativebmg.native_blk_mem_gen |     0.006 |
|             valid.cstr                         |     0.006 |
|               has_mux_b.B                      |    <0.001 |
|               ramloop[0].ram.r                 |     0.001 |
|                 prim_noinit.ram                |     0.001 |
|               ramloop[10].ram.r                |    <0.001 |
|                 prim_noinit.ram                |    <0.001 |
|               ramloop[11].ram.r                |    <0.001 |
|                 prim_noinit.ram                |    <0.001 |
|               ramloop[12].ram.r                |    <0.001 |
|                 prim_noinit.ram                |    <0.001 |
|               ramloop[13].ram.r                |    <0.001 |
|                 prim_noinit.ram                |    <0.001 |
|               ramloop[14].ram.r                |    <0.001 |
|                 prim_noinit.ram                |    <0.001 |
|               ramloop[15].ram.r                |    <0.001 |
|                 prim_noinit.ram                |    <0.001 |
|               ramloop[16].ram.r                |    <0.001 |
|                 prim_noinit.ram                |    <0.001 |
|               ramloop[17].ram.r                |    <0.001 |
|                 prim_noinit.ram                |    <0.001 |
|               ramloop[18].ram.r                |    <0.001 |
|                 prim_noinit.ram                |    <0.001 |
|               ramloop[19].ram.r                |    <0.001 |
|                 prim_noinit.ram                |    <0.001 |
|               ramloop[1].ram.r                 |    <0.001 |
|                 prim_noinit.ram                |    <0.001 |
|               ramloop[20].ram.r                |    <0.001 |
|                 prim_noinit.ram                |    <0.001 |
|               ramloop[21].ram.r                |    <0.001 |
|                 prim_noinit.ram                |    <0.001 |
|               ramloop[22].ram.r                |    <0.001 |
|                 prim_noinit.ram                |    <0.001 |
|               ramloop[23].ram.r                |    <0.001 |
|                 prim_noinit.ram                |    <0.001 |
|               ramloop[24].ram.r                |    <0.001 |
|                 prim_noinit.ram                |    <0.001 |
|               ramloop[25].ram.r                |    <0.001 |
|                 prim_noinit.ram                |    <0.001 |
|               ramloop[26].ram.r                |    <0.001 |
|                 prim_noinit.ram                |    <0.001 |
|               ramloop[27].ram.r                |    <0.001 |
|                 prim_noinit.ram                |    <0.001 |
|               ramloop[28].ram.r                |    <0.001 |
|                 prim_noinit.ram                |    <0.001 |
|               ramloop[29].ram.r                |    <0.001 |
|                 prim_noinit.ram                |    <0.001 |
|               ramloop[2].ram.r                 |    <0.001 |
|                 prim_noinit.ram                |    <0.001 |
|               ramloop[30].ram.r                |    <0.001 |
|                 prim_noinit.ram                |    <0.001 |
|               ramloop[31].ram.r                |    <0.001 |
|                 prim_noinit.ram                |    <0.001 |
|               ramloop[32].ram.r                |    <0.001 |
|                 prim_noinit.ram                |    <0.001 |
|               ramloop[33].ram.r                |    <0.001 |
|                 prim_noinit.ram                |    <0.001 |
|               ramloop[34].ram.r                |    <0.001 |
|                 prim_noinit.ram                |    <0.001 |
|               ramloop[35].ram.r                |    <0.001 |
|                 prim_noinit.ram                |    <0.001 |
|               ramloop[36].ram.r                |    <0.001 |
|                 prim_noinit.ram                |    <0.001 |
|               ramloop[37].ram.r                |    <0.001 |
|                 prim_noinit.ram                |    <0.001 |
|               ramloop[38].ram.r                |    <0.001 |
|                 prim_noinit.ram                |    <0.001 |
|               ramloop[39].ram.r                |    <0.001 |
|                 prim_noinit.ram                |    <0.001 |
|               ramloop[3].ram.r                 |    <0.001 |
|                 prim_noinit.ram                |    <0.001 |
|               ramloop[40].ram.r                |    <0.001 |
|                 prim_noinit.ram                |    <0.001 |
|               ramloop[41].ram.r                |    <0.001 |
|                 prim_noinit.ram                |    <0.001 |
|               ramloop[42].ram.r                |    <0.001 |
|                 prim_noinit.ram                |    <0.001 |
|               ramloop[43].ram.r                |    <0.001 |
|                 prim_noinit.ram                |    <0.001 |
|               ramloop[44].ram.r                |    <0.001 |
|                 prim_noinit.ram                |    <0.001 |
|               ramloop[45].ram.r                |     0.001 |
|                 prim_noinit.ram                |     0.001 |
|               ramloop[46].ram.r                |    <0.001 |
|                 prim_noinit.ram                |    <0.001 |
|               ramloop[47].ram.r                |    <0.001 |
|                 prim_noinit.ram                |    <0.001 |
|               ramloop[4].ram.r                 |     0.001 |
|                 prim_noinit.ram                |     0.001 |
|               ramloop[5].ram.r                 |    <0.001 |
|                 prim_noinit.ram                |    <0.001 |
|               ramloop[6].ram.r                 |    <0.001 |
|                 prim_noinit.ram                |    <0.001 |
|               ramloop[7].ram.r                 |    <0.001 |
|                 prim_noinit.ram                |    <0.001 |
|               ramloop[8].ram.r                 |    <0.001 |
|                 prim_noinit.ram                |    <0.001 |
|               ramloop[9].ram.r                 |    <0.001 |
|                 prim_noinit.ram                |    <0.001 |
|   clock_inst                                   |     0.106 |
|     inst                                       |     0.106 |
+------------------------------------------------+-----------+


